<?xml version="1.0" encoding="UTF-8"?>
<!-- Generated by org.testng.reporters.JUnitXMLReporter -->
<testsuite hostname="CTSL023" ignored="0" name="Test" tests="8" failures="0" timestamp="2021-07-20T17:44:51 IST" time="0.094" errors="0">
  <testcase name="era" time="0.009" classname="TestNGPracticeOne.SampleSeven"/>
  <testcase name="tera" time="0.001" classname="TestNGPracticeOne.SampleSeven"/>
  <testcase name="pyara" time="0.003" classname="TestNGPracticeOne.SampleSeven"/>
  <testcase name="ross" time="0.002" classname="TestNGPracticeOne.SampleSeven"/>
  <testcase name="two" time="0.003" classname="TestNGPracticeOne.SampleSix"/>
  <testcase name="ui" time="0.002" classname="TestNGPracticeOne.SampleSix"/>
  <testcase name="three" time="0.002" classname="TestNGPracticeOne.SampleSix"/>
  <testcase name="four" time="0.001" classname="TestNGPracticeOne.SampleSix"/>
</testsuite> <!-- Test -->
