<?xml version="1.0" encoding="UTF-8"?>
<!-- Generated by org.testng.reporters.JUnitXMLReporter -->
<testsuite hostname="CTSL023" ignored="0" name="Testing" tests="4" failures="0" timestamp="2021-08-02T15:09:37 IST" time="0.084" errors="0">
  <testcase name="three" time="0.01" classname="DataProviderExample.DataProvideTesting"/>
  <testcase name="four" time="0.002" classname="DataProviderExample.DataProvideTesting"/>
  <testcase name="four" time="0.002" classname="DataProviderExample.DataProvideTesting"/>
  <testcase name="four" time="0.002" classname="DataProviderExample.DataProvideTesting"/>
</testsuite> <!-- Testing -->
