<?xml version="1.0" encoding="UTF-8"?>
<!-- Generated by org.testng.reporters.JUnitXMLReporter -->
<testsuite hostname="CTSL023" ignored="32" name="Testtut" tests="1" failures="0" timestamp="2021-08-01T23:17:32 IST" time="0.057" errors="0">
  <testcase name="sampleTwoMethod2" time="0.011" classname="TestNGPractice.SampleTwo"/>
  <testcase name="vashi" time="0.0" classname="TestNGPractice.SampleFive">
    <ignored/>
  </testcase> <!-- vashi -->
  <testcase name="methodOneSameOne" time="0.0" classname="TestNGPractice.SampleTwo">
    <ignored/>
  </testcase> <!-- methodOneSameOne -->
  <testcase name="mahape" time="0.0" classname="TestNGPractice.SampleFive">
    <ignored/>
  </testcase> <!-- mahape -->
  <testcase name="ekta" time="0.0" classname="TestNGPractice.SampleFour">
    <ignored/>
  </testcase> <!-- ekta -->
  <testcase name="royal" time="0.0" classname="TestNGPractice.SampleFour">
    <ignored/>
  </testcase> <!-- royal -->
  <testcase name="super12" time="0.0" classname="TestNGPractice.SampleThree">
    <ignored/>
  </testcase> <!-- super12 -->
  <testcase name="nerul" time="0.0" classname="TestNGPractice.SampleFive">
    <ignored/>
  </testcase> <!-- nerul -->
  <testcase name="mauli" time="0.0" classname="TestNGPractice.SampleFour">
    <ignored/>
  </testcase> <!-- mauli -->
  <testcase name="badboys" time="0.0" classname="TestNGPractice.SampleFour">
    <ignored/>
  </testcase> <!-- badboys -->
  <testcase name="marshal" time="0.0" classname="TestNGPractice.SampleTwo">
    <ignored/>
  </testcase> <!-- marshal -->
  <testcase name="john" time="0.0" classname="TestNGPractice.SampleThree">
    <ignored/>
  </testcase> <!-- john -->
  <testcase name="shriganesh" time="0.0" classname="TestNGPractice.SampleThree">
    <ignored/>
  </testcase> <!-- shriganesh -->
  <testcase name="method" time="0.0" classname="TestNGPractice.SampleOne">
    <ignored/>
  </testcase> <!-- method -->
  <testcase name="sangharsh" time="0.0" classname="TestNGPractice.SampleFour">
    <ignored/>
  </testcase> <!-- sangharsh -->
  <testcase name="super13" time="0.0" classname="TestNGPractice.SampleThree">
    <ignored/>
  </testcase> <!-- super13 -->
  <testcase name="jamie" time="0.0" classname="TestNGPractice.SampleThree">
    <ignored/>
  </testcase> <!-- jamie -->
  <testcase name="ganesh" time="0.0" classname="TestNGPractice.SampleOne">
    <ignored/>
  </testcase> <!-- ganesh -->
  <testcase name="salunkhe" time="0.0" classname="TestNGPractice.SampleTwo">
    <ignored/>
  </testcase> <!-- salunkhe -->
  <testcase name="super11" time="0.0" classname="TestNGPractice.SampleThree">
    <ignored/>
  </testcase> <!-- super11 -->
  <testcase name="shivshambho" time="0.0" classname="TestNGPractice.SampleFour">
    <ignored/>
  </testcase> <!-- shivshambho -->
  <testcase name="harshal" time="0.0" classname="TestNGPractice.SampleOne">
    <ignored/>
  </testcase> <!-- harshal -->
  <testcase name="sampleTwo" time="0.0" classname="TestNGPractice.SampleOne">
    <ignored/>
  </testcase> <!-- sampleTwo -->
  <testcase name="airoli" time="0.0" classname="TestNGPractice.SampleFive">
    <ignored/>
  </testcase> <!-- airoli -->
  <testcase name="babul" time="0.0" classname="TestNGPractice.SampleTwo">
    <ignored/>
  </testcase> <!-- babul -->
  <testcase name="paisa" time="0.0" classname="TestNGPractice.SampleTwo">
    <ignored/>
  </testcase> <!-- paisa -->
  <testcase name="methodOneSameOne" time="0.0" classname="TestNGPractice.SampleOne">
    <ignored/>
  </testcase> <!-- methodOneSameOne -->
  <testcase name="ashish" time="0.0" classname="TestNGPractice.SampleThree">
    <ignored/>
  </testcase> <!-- ashish -->
  <testcase name="smith" time="0.0" classname="TestNGPractice.SampleOne">
    <ignored/>
  </testcase> <!-- smith -->
  <testcase name="vadala" time="0.0" classname="TestNGPractice.SampleFive">
    <ignored/>
  </testcase> <!-- vadala -->
  <testcase name="paresh" time="0.0" classname="TestNGPractice.SampleThree">
    <ignored/>
  </testcase> <!-- paresh -->
  <testcase name="oneshivshambho" time="0.0" classname="TestNGPractice.SampleFour">
    <ignored/>
  </testcase> <!-- oneshivshambho -->
  <testcase name="badboys" time="0.0" classname="TestNGPractice.SampleFive">
    <ignored/>
  </testcase> <!-- badboys -->
</testsuite> <!-- Testtut -->
