<?xml version="1.0" encoding="UTF-8"?>
<!-- Generated by org.testng.reporters.JUnitXMLReporter -->
<testsuite hostname="CTSL023" ignored="5" name="TestStartRegExp" tests="2" failures="0" timestamp="2021-08-01T23:45:40 IST" time="0.028" errors="0">
  <testcase name="oneshivshambho" time="0.002" classname="TestNGPractice.SampleFour"/>
  <testcase name="shivshambho" time="0.003" classname="TestNGPractice.SampleFour"/>
  <testcase name="ekta" time="0.0" classname="TestNGPractice.SampleFour">
    <ignored/>
  </testcase> <!-- ekta -->
  <testcase name="royal" time="0.0" classname="TestNGPractice.SampleFour">
    <ignored/>
  </testcase> <!-- royal -->
  <testcase name="sangharsh" time="0.0" classname="TestNGPractice.SampleFour">
    <ignored/>
  </testcase> <!-- sangharsh -->
  <testcase name="mauli" time="0.0" classname="TestNGPractice.SampleFour">
    <ignored/>
  </testcase> <!-- mauli -->
  <testcase name="badboys" time="0.0" classname="TestNGPractice.SampleFour">
    <ignored/>
  </testcase> <!-- badboys -->
</testsuite> <!-- TestStartRegExp -->
