<?xml version="1.0" encoding="UTF-8"?>
<!-- Generated by org.testng.reporters.JUnitXMLReporter -->
<testsuite hostname="CTSL023" ignored="7" name="TestWithInclude" tests="1" failures="0" timestamp="2021-08-01T23:45:40 IST" time="0.008" errors="0">
  <testcase name="super11" time="0.002" classname="TestNGPractice.SampleThree"/>
  <testcase name="john" time="0.0" classname="TestNGPractice.SampleThree">
    <ignored/>
  </testcase> <!-- john -->
  <testcase name="shriganesh" time="0.0" classname="TestNGPractice.SampleThree">
    <ignored/>
  </testcase> <!-- shriganesh -->
  <testcase name="super12" time="0.0" classname="TestNGPractice.SampleThree">
    <ignored/>
  </testcase> <!-- super12 -->
  <testcase name="super13" time="0.0" classname="TestNGPractice.SampleThree">
    <ignored/>
  </testcase> <!-- super13 -->
  <testcase name="jamie" time="0.0" classname="TestNGPractice.SampleThree">
    <ignored/>
  </testcase> <!-- jamie -->
  <testcase name="paresh" time="0.0" classname="TestNGPractice.SampleThree">
    <ignored/>
  </testcase> <!-- paresh -->
  <testcase name="ashish" time="0.0" classname="TestNGPractice.SampleThree">
    <ignored/>
  </testcase> <!-- ashish -->
</testsuite> <!-- TestWithInclude -->
