<?xml version="1.0" encoding="UTF-8"?>
<!-- Generated by org.testng.reporters.JUnitXMLReporter -->
<testsuite hostname="CTSL023" ignored="0" name="Testeu" tests="4" failures="0" timestamp="2021-08-02T14:59:56 IST" time="0.062" errors="0">
  <testcase name="era" time="0.008" classname="DataProviderExample.ParrellelExecution"/>
  <testcase name="ross" time="0.002" classname="DataProviderExample.ParrellelExecution"/>
  <testcase name="pyara" time="0.001" classname="DataProviderExample.ParrellelExecution"/>
  <testcase name="tera" time="0.002" classname="DataProviderExample.ParrellelExecution"/>
</testsuite> <!-- Testeu -->
