<?xml version="1.0" encoding="UTF-8"?>
<!-- Generated by org.testng.reporters.JUnitXMLReporter -->
<testsuite hostname="CTSL023" ignored="0" name="Command line test" tests="8" failures="0" timestamp="2021-08-12T15:34:31 IST" time="0.058" errors="0">
  <testcase name="APIBrowserAutomation" time="0.004" classname="RShetyMaven.APITest"/>
  <testcase name="APIElementTest" time="0.001" classname="RShetyMaven.APITest"/>
  <testcase name="appiumBrowserAutomation" time="0.0" classname="RShetyMaven.AppiumTest"/>
  <testcase name="appiumElementTest" time="0.0" classname="RShetyMaven.AppiumTest"/>
  <testcase name="seleniumElementTest" time="0.0" classname="RShetyMaven.SeleniumTest"/>
  <testcase name="selniumBrowserAutomation" time="0.0" classname="RShetyMaven.SeleniumTest"/>
  <testcase name="jmeterBrowserAutomation" time="0.002" classname="RShetyMaven.TestJmeter"/>
  <testcase name="jmeterseleniumElementTest" time="0.001" classname="RShetyMaven.TestJmeter"/>
</testsuite> <!-- Command line test -->
