<?xml version="1.0" encoding="UTF-8"?>
<!-- Generated by org.testng.reporters.JUnitXMLReporter -->
<testsuite hostname="CTSL023" ignored="0" name="Test" tests="8" failures="0" timestamp="2021-08-12T13:16:50 IST" time="0.132" errors="0">
  <testcase name="appiumBrowserAutomation" time="0.011" classname="RShetyMaven.AppiumTest"/>
  <testcase name="appiumElementTest" time="0.005" classname="RShetyMaven.AppiumTest"/>
  <testcase name="APIBrowserAutomation" time="0.003" classname="RShetyMaven.APITest"/>
  <testcase name="APIElementTest" time="0.003" classname="RShetyMaven.APITest"/>
  <testcase name="seleniumElementTest" time="0.007" classname="RShetyMaven.SeleniumTest"/>
  <testcase name="selniumBrowserAutomation" time="0.004" classname="RShetyMaven.SeleniumTest"/>
  <testcase name="jmeterBrowserAutomation" time="0.001" classname="RShetyMaven.TestJmeter"/>
  <testcase name="jmeterseleniumElementTest" time="0.003" classname="RShetyMaven.TestJmeter"/>
</testsuite> <!-- Test -->
