<?xml version="1.0" encoding="UTF-8"?>
<!-- Generated by org.testng.reporters.JUnitXMLReporter -->
<testsuite hostname="CTSL023" ignored="0" name="Surefire test" tests="2" failures="0" timestamp="2021-08-13T19:08:57 IST" time="11.811" errors="0">
  <testcase name="TCase" time="5.901" classname="ExtendReportRShetty.ExtendReportByRShetty.ExtendReportPhase1Test"/>
  <testcase name="TCase1" time="5.596" classname="ExtendReportRShetty.ExtendReportByRShetty.ExtendReportPhase1Test"/>
</testsuite> <!-- Surefire test -->
