<?xml version="1.0" encoding="UTF-8"?>
<testng-results skipped="0" failed="0" ignored="0" total="1" passed="1">
  <reporter-output>
  </reporter-output>
  <suite name="Default suite" duration-ms="17302" started-at="2021-08-19T11:56:28 IST" finished-at="2021-08-19T11:56:45 IST">
    <groups>
    </groups>
    <test name="Default test" duration-ms="17302" started-at="2021-08-19T11:56:28 IST" finished-at="2021-08-19T11:56:45 IST">
      <class name="TestCases.RediffSignIn">
        <test-method status="PASS" signature="LoginTestCase()[pri:0, instance:TestCases.RediffSignIn@7f13d6e]" name="LoginTestCase" duration-ms="17255" started-at="2021-08-19T11:56:28 IST" finished-at="2021-08-19T11:56:45 IST">
          <reporter-output>
          </reporter-output>
        </test-method> <!-- LoginTestCase -->
      </class> <!-- TestCases.RediffSignIn -->
    </test> <!-- Default test -->
  </suite> <!-- Default suite -->
</testng-results>
