<?xml version="1.0" encoding="UTF-8"?>
<!-- Generated by org.testng.reporters.JUnitXMLReporter -->
<testsuite hostname="CTSL023" ignored="0" name="Test" tests="5" failures="0" timestamp="2021-08-22T00:18:16 IST" time="39.563" errors="0">
  <testcase name="basePageNavigation" time="2.742" classname="FramewordDesign.VerifyText"/>
  <testcase name="basePageNavigation" time="6.879" classname="FramewordDesign.HomePage"/>
  <testcase name="basePageNavigation" time="6.252" classname="FramewordDesign.HomePage"/>
  <testcase name="basePageNavigation" time="4.597" classname="FramewordDesign.HomePage"/>
  <testcase name="basePageNavigation" time="6.153" classname="FramewordDesign.VerifyContact"/>
</testsuite> <!-- Test -->
