<?xml version="1.0" encoding="UTF-8"?>
<!-- Generated by org.testng.reporters.JUnitXMLReporter -->
<testsuite hostname="CTSL023" ignored="0" name="Validating Users" tests="3" failures="0" timestamp="2021-08-30T09:29:16 IST" time="39.619" errors="0">
  <testcase name="UserLoginVerification" time="16.026" classname="frameworkDesign.HomePage"/>
  <testcase name="UserLoginVerification" time="3.777" classname="frameworkDesign.HomePage"/>
  <testcase name="UserLoginVerification" time="3.502" classname="frameworkDesign.HomePage"/>
</testsuite> <!-- Validating Users -->
