<?xml version="1.0" encoding="UTF-8"?>
<!-- Generated by org.testng.reporters.JUnitXMLReporter -->
<testsuite hostname="CTSL023" ignored="0" name="Default test" tests="4" failures="0" timestamp="2021-08-01T23:01:31 IST" time="0.067" errors="0">
  <testcase name="three" time="0.009" classname="DataProviderExample.DataProvideTesting"/>
  <testcase name="four" time="0.002" classname="DataProviderExample.DataProvideTesting"/>
  <testcase name="four" time="0.002" classname="DataProviderExample.DataProvideTesting"/>
  <testcase name="four" time="0.001" classname="DataProviderExample.DataProvideTesting"/>
</testsuite> <!-- Default test -->
