<?xml version="1.0" encoding="UTF-8"?>
<!-- Generated by org.testng.reporters.JUnitXMLReporter -->
<testsuite hostname="CTSL023" ignored="0" name="Default test" tests="3" failures="0" timestamp="2021-09-17T18:25:45 IST" time="15.288" errors="0">
  <testcase name="UserLoginVerification" time="5.057" classname="frameworkDesign.HomePage"/>
  <testcase name="UserLoginVerification" time="3.203" classname="frameworkDesign.HomePage"/>
  <testcase name="UserLoginVerification" time="3.061" classname="frameworkDesign.HomePage"/>
</testsuite> <!-- Default test -->
