<?xml version="1.0" encoding="UTF-8"?>
<testsuite xmlns:xsi="http://www.w3.org/2001/XMLSchema-instance" xsi:noNamespaceSchemaLocation="https://maven.apache.org/surefire/maven-surefire-plugin/xsd/surefire-test-report.xsd" name="TestSuite" time="1.889" tests="8" errors="0" skipped="0" failures="0">
  <properties>
[...]
</properties>
  <testcase name="APIBrowserAutomation" classname="RShetyMaven.APITest" time="0.007"/>
  <testcase name="APIElementTest" classname="RShetyMaven.APITest" time="0"/>
  <testcase name="jmeterBrowserAutomation" classname="RShetyMaven.TestJmeter" time="0.001"/>
  <testcase name="jmeterseleniumElementTest" classname="RShetyMaven.TestJmeter" time="0"/>
  <testcase name="appiumBrowserAutomation" classname="RShetyMaven.AppiumTest" time="0.002"/>
  <testcase name="appiumElementTest" classname="RShetyMaven.AppiumTest" time="0.001"/>
  <testcase name="seleniumElementTest" classname="RShetyMaven.SeleniumTest" time="0"/>
  <testcase name="selniumBrowserAutomation" classname="RShetyMaven.SeleniumTest" time="0"/>
</testsuite>