<?xml version="1.0" encoding="UTF-8"?>
<!-- Generated by org.testng.reporters.JUnitXMLReporter -->
<testsuite hostname="CTSL023" ignored="0" name="Test" tests="5" failures="0" timestamp="2021-08-26T10:34:44 IST" time="42.353" errors="0">
  <testcase name="basePageNavigation" time="3.814" classname="FramewordDesign.VerifyText"/>
  <testcase name="basePageNavigation" time="5.755" classname="FramewordDesign.HomePage"/>
  <testcase name="basePageNavigation" time="5.917" classname="FramewordDesign.HomePage"/>
  <testcase name="basePageNavigation" time="5.293" classname="FramewordDesign.HomePage"/>
  <testcase name="basePageNavigation" time="3.942" classname="FramewordDesign.VerifyContact"/>
</testsuite> <!-- Test -->
