<?xml version="1.0" encoding="UTF-8"?>
<testng-results skipped="0" failed="0" ignored="0" total="5" passed="5">
  <reporter-output>
  </reporter-output>
  <suite name="Suite" duration-ms="39563" started-at="2021-08-22T00:17:36 IST" finished-at="2021-08-22T00:18:16 IST">
    <groups>
    </groups>
    <test name="Test" duration-ms="39563" started-at="2021-08-22T00:17:36 IST" finished-at="2021-08-22T00:18:16 IST">
      <class name="FramewordDesign.HomePage">
        <test-method status="PASS" signature="startExecution()[pri:0, instance:FramewordDesign.HomePage@6a78afa0]" name="startExecution" is-config="true" duration-ms="2903" started-at="2021-08-22T00:17:37 IST" finished-at="2021-08-22T00:17:39 IST">
          <reporter-output>
          </reporter-output>
        </test-method> <!-- startExecution -->
        <test-method status="PASS" signature="basePageNavigation(java.lang.String,java.lang.String)[pri:0, instance:FramewordDesign.HomePage@6a78afa0]" name="basePageNavigation" duration-ms="6879" started-at="2021-08-22T00:17:46 IST" data-provider="getdata" finished-at="2021-08-22T00:17:53 IST">
          <params>
            <param index="0">
              <value>
                <![CDATA[UserName_ganesh]]>
              </value>
            </param>
            <param index="1">
              <value>
                <![CDATA[Password_salunkhe]]>
              </value>
            </param>
          </params>
          <reporter-output>
          </reporter-output>
        </test-method> <!-- basePageNavigation -->
        <test-method status="PASS" signature="basePageNavigation(java.lang.String,java.lang.String)[pri:0, instance:FramewordDesign.HomePage@6a78afa0]" name="basePageNavigation" duration-ms="6252" started-at="2021-08-22T00:17:53 IST" data-provider="getdata" finished-at="2021-08-22T00:17:59 IST">
          <params>
            <param index="0">
              <value>
                <![CDATA[UserName_deepak]]>
              </value>
            </param>
            <param index="1">
              <value>
                <![CDATA[Password_salunkhe]]>
              </value>
            </param>
          </params>
          <reporter-output>
          </reporter-output>
        </test-method> <!-- basePageNavigation -->
        <test-method status="PASS" signature="basePageNavigation(java.lang.String,java.lang.String)[pri:0, instance:FramewordDesign.HomePage@6a78afa0]" name="basePageNavigation" duration-ms="4597" started-at="2021-08-22T00:17:59 IST" data-provider="getdata" finished-at="2021-08-22T00:18:03 IST">
          <params>
            <param index="0">
              <value>
                <![CDATA[UserName_omkar]]>
              </value>
            </param>
            <param index="1">
              <value>
                <![CDATA[Password_salunkhe]]>
              </value>
            </param>
          </params>
          <reporter-output>
          </reporter-output>
        </test-method> <!-- basePageNavigation -->
        <test-method status="PASS" signature="closeBrowser()[pri:0, instance:FramewordDesign.HomePage@6a78afa0]" name="closeBrowser" is-config="true" duration-ms="1451" started-at="2021-08-22T00:18:10 IST" finished-at="2021-08-22T00:18:11 IST">
          <reporter-output>
          </reporter-output>
        </test-method> <!-- closeBrowser -->
      </class> <!-- FramewordDesign.HomePage -->
      <class name="FramewordDesign.VerifyContact">
        <test-method status="PASS" signature="startExecution()[pri:0, instance:FramewordDesign.VerifyContact@2f4948e4]" name="startExecution" is-config="true" duration-ms="1644" started-at="2021-08-22T00:17:39 IST" finished-at="2021-08-22T00:17:41 IST">
          <reporter-output>
          </reporter-output>
        </test-method> <!-- startExecution -->
        <test-method status="PASS" signature="basePageNavigation()[pri:0, instance:FramewordDesign.VerifyContact@2f4948e4]" name="basePageNavigation" duration-ms="6153" started-at="2021-08-22T00:18:03 IST" finished-at="2021-08-22T00:18:10 IST">
          <reporter-output>
          </reporter-output>
        </test-method> <!-- basePageNavigation -->
        <test-method status="PASS" signature="closeBrowser()[pri:0, instance:FramewordDesign.VerifyContact@2f4948e4]" name="closeBrowser" is-config="true" duration-ms="4518" started-at="2021-08-22T00:18:11 IST" finished-at="2021-08-22T00:18:15 IST">
          <reporter-output>
          </reporter-output>
        </test-method> <!-- closeBrowser -->
      </class> <!-- FramewordDesign.VerifyContact -->
      <class name="FramewordDesign.VerifyText">
        <test-method status="PASS" signature="startExecution()[pri:0, instance:FramewordDesign.VerifyText@3b69e7d1]" name="startExecution" is-config="true" duration-ms="1780" started-at="2021-08-22T00:17:41 IST" finished-at="2021-08-22T00:17:43 IST">
          <reporter-output>
          </reporter-output>
        </test-method> <!-- startExecution -->
        <test-method status="PASS" signature="basePageNavigation()[pri:0, instance:FramewordDesign.VerifyText@3b69e7d1]" name="basePageNavigation" duration-ms="2742" started-at="2021-08-22T00:17:43 IST" finished-at="2021-08-22T00:17:46 IST">
          <reporter-output>
          </reporter-output>
        </test-method> <!-- basePageNavigation -->
        <test-method status="PASS" signature="closeBrowser()[pri:0, instance:FramewordDesign.VerifyText@3b69e7d1]" name="closeBrowser" is-config="true" duration-ms="564" started-at="2021-08-22T00:18:15 IST" finished-at="2021-08-22T00:18:16 IST">
          <reporter-output>
          </reporter-output>
        </test-method> <!-- closeBrowser -->
      </class> <!-- FramewordDesign.VerifyText -->
    </test> <!-- Test -->
  </suite> <!-- Suite -->
</testng-results>
