<?xml version="1.0" encoding="UTF-8"?>
<testng-results skipped="0" failed="0" total="3" passed="3">
  <reporter-output>
  </reporter-output>
  <suite name="Default suite" duration-ms="68" started-at="2021-07-05T12:03:56Z" finished-at="2021-07-05T12:03:56Z">
    <groups>
    </groups>
    <test name="Default test" duration-ms="68" started-at="2021-07-05T12:03:56Z" finished-at="2021-07-05T12:03:56Z">
      <class name="Introduction.StreamExampleMap">
        <test-method status="PASS" signature="CollectinList()[pri:0, instance:Introduction.StreamExampleMap@4c15e7fd]" name="CollectinList" duration-ms="22" started-at="2021-07-05T17:33:56Z" finished-at="2021-07-05T17:33:56Z">
          <reporter-output>
          </reporter-output>
        </test-method> <!-- CollectinList -->
        <test-method status="PASS" signature="UniqueNum()[pri:0, instance:Introduction.StreamExampleMap@4c15e7fd]" name="UniqueNum" duration-ms="7" started-at="2021-07-05T17:33:56Z" finished-at="2021-07-05T17:33:56Z">
          <reporter-output>
          </reporter-output>
        </test-method> <!-- UniqueNum -->
        <test-method status="PASS" signature="streamtesting()[pri:0, instance:Introduction.StreamExampleMap@4c15e7fd]" name="streamtesting" duration-ms="18" started-at="2021-07-05T17:33:56Z" finished-at="2021-07-05T17:33:56Z">
          <reporter-output>
          </reporter-output>
        </test-method> <!-- streamtesting -->
      </class> <!-- Introduction.StreamExampleMap -->
    </test> <!-- Default test -->
  </suite> <!-- Default suite -->
</testng-results>
