<?xml version="1.0" encoding="UTF-8"?>
<!-- Generated by org.testng.reporters.JUnitXMLReporter -->
<testsuite hostname="CTSL023" ignored="0" name="Verifying Text" tests="2" failures="0" timestamp="2021-08-30T09:31:50 IST" time="0.113" errors="0">
  <testcase name="@BeforeTest startExecution" time="0.015" classname="frameworkDesign.HomePage">
    <failure type="java.lang.NullPointerException">
      <![CDATA[java.lang.NullPointerException
at resources.base.initilizedriver(base.java:40)
at frameworkDesign.HomePage.startExecution(HomePage.java:24)
at java.util.concurrent.FutureTask.run(FutureTask.java:266)
at java.util.concurrent.ThreadPoolExecutor.runWorker(ThreadPoolExecutor.java:1142)
at java.util.concurrent.ThreadPoolExecutor$Worker.run(ThreadPoolExecutor.java:617)
at java.lang.Thread.run(Thread.java:745)
... Removed 15 stack frames]]>
    </failure>
  </testcase> <!-- @BeforeTest startExecution -->
  <testcase name="@BeforeTest startExecution" time="0.015" classname="frameworkDesign.VerifyText">
    <failure type="java.lang.NullPointerException">
      <![CDATA[java.lang.NullPointerException
at resources.base.initilizedriver(base.java:40)
at frameworkDesign.VerifyText.startExecution(VerifyText.java:22)
at java.util.concurrent.FutureTask.run(FutureTask.java:266)
at java.util.concurrent.ThreadPoolExecutor.runWorker(ThreadPoolExecutor.java:1142)
at java.util.concurrent.ThreadPoolExecutor$Worker.run(ThreadPoolExecutor.java:617)
at java.lang.Thread.run(Thread.java:745)
... Removed 15 stack frames]]>
    </failure>
  </testcase> <!-- @BeforeTest startExecution -->
  <testcase name="@AfterTest closeBrowser" time="-1.630296110232E9" classname="frameworkDesign.HomePage">
    <skipped/>
  </testcase> <!-- @AfterTest closeBrowser -->
  <testcase name="@AfterTest closeBrowser" time="-1.63029611024E9" classname="frameworkDesign.VerifyText">
    <skipped/>
  </testcase> <!-- @AfterTest closeBrowser -->
  <testcase name="verifyText" time="0.0" classname="frameworkDesign.VerifyText">
    <skipped/>
  </testcase> <!-- verifyText -->
  <testcase name="verifyHeader" time="0.0" classname="frameworkDesign.VerifyText">
    <skipped/>
  </testcase> <!-- verifyHeader -->
</testsuite> <!-- Verifying Text -->
