<?xml version="1.0" encoding="UTF-8"?>
<testng-results skipped="0" failed="0" ignored="0" total="3" passed="3">
  <reporter-output>
  </reporter-output>
  <suite name="Default suite" duration-ms="15288" started-at="2021-09-17T18:25:30 IST" finished-at="2021-09-17T18:25:45 IST">
    <groups>
    </groups>
    <test name="Default test" duration-ms="15288" started-at="2021-09-17T18:25:30 IST" finished-at="2021-09-17T18:25:45 IST">
      <class name="frameworkDesign.HomePage">
        <test-method status="PASS" signature="startExecution()[pri:0, instance:frameworkDesign.HomePage@609db43b]" name="startExecution" is-config="true" duration-ms="3662" started-at="2021-09-17T18:25:30 IST" finished-at="2021-09-17T18:25:33 IST">
          <reporter-output>
          </reporter-output>
        </test-method> <!-- startExecution -->
        <test-method status="PASS" signature="UserLoginVerification(java.lang.String,java.lang.String)[pri:0, instance:frameworkDesign.HomePage@609db43b]" name="UserLoginVerification" duration-ms="5057" started-at="2021-09-17T18:25:33 IST" data-provider="getdata" finished-at="2021-09-17T18:25:38 IST">
          <params>
            <param index="0">
              <value>
                <![CDATA[UserName_ganesh]]>
              </value>
            </param>
            <param index="1">
              <value>
                <![CDATA[Password_salunkhe]]>
              </value>
            </param>
          </params>
          <reporter-output>
          </reporter-output>
        </test-method> <!-- UserLoginVerification -->
        <test-method status="PASS" signature="UserLoginVerification(java.lang.String,java.lang.String)[pri:0, instance:frameworkDesign.HomePage@609db43b]" name="UserLoginVerification" duration-ms="3203" started-at="2021-09-17T18:25:38 IST" data-provider="getdata" finished-at="2021-09-17T18:25:41 IST">
          <params>
            <param index="0">
              <value>
                <![CDATA[UserName_deepak]]>
              </value>
            </param>
            <param index="1">
              <value>
                <![CDATA[Password_salunkhe]]>
              </value>
            </param>
          </params>
          <reporter-output>
          </reporter-output>
        </test-method> <!-- UserLoginVerification -->
        <test-method status="PASS" signature="UserLoginVerification(java.lang.String,java.lang.String)[pri:0, instance:frameworkDesign.HomePage@609db43b]" name="UserLoginVerification" duration-ms="3061" started-at="2021-09-17T18:25:42 IST" data-provider="getdata" finished-at="2021-09-17T18:25:45 IST">
          <params>
            <param index="0">
              <value>
                <![CDATA[UserName_omkar]]>
              </value>
            </param>
            <param index="1">
              <value>
                <![CDATA[Password_salunkhe]]>
              </value>
            </param>
          </params>
          <reporter-output>
          </reporter-output>
        </test-method> <!-- UserLoginVerification -->
        <test-method status="PASS" signature="closeBrowser()[pri:0, instance:frameworkDesign.HomePage@609db43b]" name="closeBrowser" is-config="true" duration-ms="229" started-at="2021-09-17T18:25:45 IST" finished-at="2021-09-17T18:25:45 IST">
          <reporter-output>
          </reporter-output>
        </test-method> <!-- closeBrowser -->
      </class> <!-- frameworkDesign.HomePage -->
    </test> <!-- Default test -->
  </suite> <!-- Default suite -->
</testng-results>
