<?xml version="1.0" encoding="UTF-8"?>
<testng-results skipped="0" failed="0" ignored="0" total="4" passed="4">
  <reporter-output>
  </reporter-output>
  <suite name="Pratice One Suite" duration-ms="84" started-at="2021-08-02T15:09:37 IST" finished-at="2021-08-02T15:09:37 IST">
    <groups>
    </groups>
    <test name="Testing" duration-ms="84" started-at="2021-08-02T15:09:37 IST" finished-at="2021-08-02T15:09:37 IST">
      <class name="DataProviderExample.DataProvideTesting">
        <test-method status="PASS" signature="three()[pri:6, instance:DataProviderExample.DataProvideTesting@26aa12dd]" name="three" duration-ms="10" started-at="2021-08-02T15:09:37 IST" finished-at="2021-08-02T15:09:37 IST">
          <reporter-output>
          </reporter-output>
        </test-method> <!-- three -->
        <test-method status="PASS" signature="four(java.lang.String,java.lang.String)[pri:9, instance:DataProviderExample.DataProvideTesting@26aa12dd]" name="four" duration-ms="2" started-at="2021-08-02T15:09:37 IST" data-provider="getData" finished-at="2021-08-02T15:09:37 IST">
          <params>
            <param index="0">
              <value>
                <![CDATA[firstusername]]>
              </value>
            </param>
            <param index="1">
              <value>
                <![CDATA[firstpassword]]>
              </value>
            </param>
          </params>
          <reporter-output>
          </reporter-output>
        </test-method> <!-- four -->
        <test-method status="PASS" signature="four(java.lang.String,java.lang.String)[pri:9, instance:DataProviderExample.DataProvideTesting@26aa12dd]" name="four" duration-ms="2" started-at="2021-08-02T15:09:37 IST" data-provider="getData" finished-at="2021-08-02T15:09:37 IST">
          <params>
            <param index="0">
              <value>
                <![CDATA[secondusername]]>
              </value>
            </param>
            <param index="1">
              <value>
                <![CDATA[secondpassword]]>
              </value>
            </param>
          </params>
          <reporter-output>
          </reporter-output>
        </test-method> <!-- four -->
        <test-method status="PASS" signature="four(java.lang.String,java.lang.String)[pri:9, instance:DataProviderExample.DataProvideTesting@26aa12dd]" name="four" duration-ms="2" started-at="2021-08-02T15:09:37 IST" data-provider="getData" finished-at="2021-08-02T15:09:37 IST">
          <params>
            <param index="0">
              <value>
                <![CDATA[thirdusername]]>
              </value>
            </param>
            <param index="1">
              <value>
                <![CDATA[thirdpassword]]>
              </value>
            </param>
          </params>
          <reporter-output>
          </reporter-output>
        </test-method> <!-- four -->
      </class> <!-- DataProviderExample.DataProvideTesting -->
    </test> <!-- Testing -->
  </suite> <!-- Pratice One Suite -->
</testng-results>
