<?xml version="1.0" encoding="UTF-8"?>
<!-- Generated by org.testng.reporters.JUnitXMLReporter -->
<testsuite hostname="CTSL023" name="Default test" tests="3" failures="0" timestamp="5 Jul 2021 12:03:56 GMT" time="0.068" errors="0">
  <testcase name="CollectinList" time="0.022" classname="Introduction.StreamExampleMap"/>
  <testcase name="UniqueNum" time="0.007" classname="Introduction.StreamExampleMap"/>
  <testcase name="streamtesting" time="0.018" classname="Introduction.StreamExampleMap"/>
</testsuite> <!-- Default test -->
