<?xml version="1.0" encoding="UTF-8"?>
<!-- Generated by org.testng.reporters.JUnitXMLReporter -->
<testsuite hostname="CTSL023" ignored="0" name="Default test" tests="2" failures="0" timestamp="2021-08-24T16:00:16 IST" time="11.597" errors="0">
  <testcase name="TCase" time="6.454" classname="ExtendReportRShetty.ExtendReportByRShetty.ExtendReportPhase1Test"/>
  <testcase name="TCase1" time="4.913" classname="ExtendReportRShetty.ExtendReportByRShetty.ExtendReportPhase1Test"/>
</testsuite> <!-- Default test -->
