<?xml version="1.0" encoding="UTF-8"?>
<!-- Generated by org.testng.reporters.JUnitXMLReporter -->
<testsuite hostname="CTSL023" ignored="0" name="Test" tests="8" failures="0" timestamp="2021-09-01T14:55:51 IST" time="0.073" errors="0">
  <testcase name="APIBrowserAutomation" time="0.006" classname="RShetyMaven.APITest"/>
  <testcase name="APIElementTest" time="0.0" classname="RShetyMaven.APITest"/>
  <testcase name="jmeterBrowserAutomation" time="0.0" classname="RShetyMaven.TestJmeter"/>
  <testcase name="jmeterseleniumElementTest" time="0.0" classname="RShetyMaven.TestJmeter"/>
  <testcase name="appiumBrowserAutomation" time="0.0" classname="RShetyMaven.AppiumTest"/>
  <testcase name="appiumElementTest" time="0.0" classname="RShetyMaven.AppiumTest"/>
  <testcase name="seleniumElementTest" time="0.0" classname="RShetyMaven.SeleniumTest"/>
  <testcase name="selniumBrowserAutomation" time="0.0" classname="RShetyMaven.SeleniumTest"/>
</testsuite> <!-- Test -->
